<?xml version="1.0" encoding="UTF-8"?>
<testsuites name='' tests='1' disabled='0' errors='0' failures='1' skipped='0' time='0.003'>
	<testsuite name='scene' tests='1' disabled='0' failures='1' errors='0' skipped='0'>
		<testcase name='basic_read' status='failed' time='0.001'>
			<failure message='/home/osboxes/carcockpit_ssh/tests/unit/src/scene.cpp:19: error: check(false)'/>
		</testcase>
	</testsuite>
</testsuites>
