<?xml version="1.0" encoding="UTF-8"?>
<testsuites name='' tests='4' disabled='0' errors='0' failures='0' skipped='0' time='0.5'>
	<testsuite name='scene' tests='4' disabled='0' failures='0' errors='0' skipped='0'>
		<testcase name='vintage_camera_model' status='passed' time='0.499'/>
		<testcase name='spray_paint_model' status='passed' time='0.269'/>
		<testcase name='hirarchy' status='passed' time='0.001'/>
		<testcase name='basic_read' status='passed' time='0.004'/>
	</testsuite>
</testsuites>
